Warning: no access to tty (Bad file descriptor).
Thus no job control in this shell.
n = 500, simulation time = 0.180691 seconds
Application 26870575 resources: utime ~0s, stime ~0s, Rss ~5576, inblocks ~5483, outblocks ~14251
n = 1000, simulation time = 0.390106 seconds
Application 26870576 resources: utime ~1s, stime ~0s, Rss ~20508, inblocks ~5483, outblocks ~14251
n = 2000, simulation time = 0.852505 seconds
Application 26870579 resources: utime ~1s, stime ~0s, Rss ~41064, inblocks ~5483, outblocks ~14251
n = 4000, simulation time = 1.97589 seconds
Application 26870581 resources: utime ~2s, stime ~0s, Rss ~82220, inblocks ~5483, outblocks ~14251
n = 8000, simulation time = 4.18406 seconds
Application 26870583 resources: utime ~4s, stime ~0s, Rss ~162540, inblocks ~5483, outblocks ~14251

Serial code is O(N^slope)
Slope estimates are : 1.110342 1.127842 1.212722 1.082401
Slope estimate for line fit is: 1.140718



 + --------------------------------------------------------------------------
 +        Job name: auto-hopper-serial
 +          Job Id: 7299983.hopque01
 +          System: hopper
 +     Queued Time: Tue Mar 11 00:48:44 2014
 +      Start Time: Tue Mar 11 00:49:56 2014
 + Completion Time: Tue Mar 11 00:50:12 2014
 +            User: junyanz
 +        MOM Host: nid05430
 +           Queue: debug
 +  Req. Resources: mppdepth=1,mppnodect=1,mppnppn=1,mppwidth=1,other=QSUBPID:61767:hopper10,walltime=00:20:00
 +  Used Resources: cput=00:00:02,mem=10488kb,vmem=79932kb,walltime=00:00:19
 +     Acct String: mp309
 +   PBS_O_WORKDIR: /global/u2/j/junyanz/a2_final
 +     Submit Args: auto-hopper-serial
 + --------------------------------------------------------------------------

