n = 500, simulation time = 0.180266 seconds
Application 26870600 resources: utime ~0s, stime ~0s, Rss ~5576, inblocks ~5483, outblocks ~14251
n = 500,threads = 1, simulation time = 0.197641 seconds
Application 26870602 resources: utime ~0s, stime ~0s, Rss ~6120, inblocks ~5490, outblocks ~14274
n = 500,threads = 2, simulation time = 0.146264 seconds
Application 26870603 resources: utime ~0s, stime ~0s, Rss ~6348, inblocks ~5490, outblocks ~14274
n = 500,threads = 4, simulation time = 0.090514 seconds
Application 26870604 resources: utime ~0s, stime ~0s, Rss ~6364, inblocks ~5490, outblocks ~14274
n = 500,threads = 6, simulation time = 0.071434 seconds
Application 26870605 resources: utime ~1s, stime ~0s, Rss ~6376, inblocks ~5490, outblocks ~14274
n = 500,threads = 12, simulation time = 0.064221 seconds
Application 26870606 resources: utime ~1s, stime ~0s, Rss ~6428, inblocks ~5490, outblocks ~14274
n = 500,threads = 18, simulation time = 0.065853 seconds
Application 26870607 resources: utime ~1s, stime ~0s, Rss ~6480, inblocks ~5490, outblocks ~14274
n = 500,threads = 24, simulation time = 0.068902 seconds
Application 26870609 resources: utime ~2s, stime ~0s, Rss ~6532, inblocks ~5490, outblocks ~14274
n = 1000,threads = 2, simulation time = 0.318702 seconds
Application 26870611 resources: utime ~1s, stime ~0s, Rss ~21160, inblocks ~5490, outblocks ~14274
n = 2000,threads = 4, simulation time = 0.370498 seconds
Application 26870612 resources: utime ~2s, stime ~0s, Rss ~41660, inblocks ~5490, outblocks ~14274
n = 3000,threads = 6, simulation time = 0.416183 seconds
Application 26870613 resources: utime ~3s, stime ~0s, Rss ~62372, inblocks ~5490, outblocks ~14274
n = 6000,threads = 12, simulation time = 0.592611 seconds
Application 26870614 resources: utime ~7s, stime ~0s, Rss ~123812, inblocks ~5490, outblocks ~14274
n = 9000,threads = 18, simulation time = 0.774246 seconds
Application 26870616 resources: utime ~14s, stime ~0s, Rss ~185044, inblocks ~5490, outblocks ~14274
n = 12000,threads = 24, simulation time = 0.996382 seconds
Application 26870618 resources: utime ~24s, stime ~0s, Rss ~244492, inblocks ~5490, outblocks ~14274

Strong scaling estimates are :
    0.91    1.23    1.99    2.52    2.81    2.74    2.62 (speedup)
    0.91    0.62    0.50    0.42    0.23    0.15    0.11 (efficiency)    for
       1       2       4       6      12      18      24 threads/processors

Average strong scaling efficiency:    0.42 

Weak scaling estimates are :
    0.91    0.57    0.49    0.43    0.30    0.23    0.18 (efficiency)    for
       1       2       4       6      12      18      24 threads/processors

Average weak scaling efficiency:    0.45 


 + --------------------------------------------------------------------------
 +        Job name: auto-hopper-openmp24
 +          Job Id: 7299984.hopque01
 +          System: hopper
 +     Queued Time: Tue Mar 11 00:48:53 2014
 +      Start Time: Tue Mar 11 00:51:26 2014
 + Completion Time: Tue Mar 11 00:51:51 2014
 +            User: junyanz
 +        MOM Host: nid05610
 +           Queue: debug
 +  Req. Resources: mppdepth=24,mppnodect=1,mppnppn=1,mppwidth=1,other=QSUBPID:61779:hopper10,walltime=00:20:00
 +  Used Resources: cput=00:00:05,mem=9692kb,vmem=144540kb,walltime=00:00:28
 +     Acct String: mp309
 +   PBS_O_WORKDIR: /global/u2/j/junyanz/a2_final
 +     Submit Args: auto-hopper-openmp24
 + --------------------------------------------------------------------------

